<?xml version="1.0" encoding="UTF-8"?>
<coverage generated="1758070478483" clover="3.2.0">
  <project timestamp="1758070478484" name="All files">
    <metrics statements="47" coveredstatements="47" conditionals="12" coveredconditionals="12" methods="8" coveredmethods="8" elements="67" coveredelements="67" complexity="0" loc="47" ncloc="47" packages="1" files="1" classes="1"/>
    <file name="trade-module.ts" path="C:\Users\ADMIN\Desktop\Workspace\trade-demo-js\trade-module.ts">
      <metrics statements="47" coveredstatements="47" conditionals="12" coveredconditionals="12" methods="8" coveredmethods="8"/>
      <line num="4" count="1" type="stmt"/>
      <line num="7" count="1" type="cond" truecount="2" falsecount="0"/>
      <line num="8" count="1" type="stmt"/>
      <line num="9" count="1" type="stmt"/>
      <line num="13" count="1" type="cond" truecount="2" falsecount="0"/>
      <line num="14" count="1" type="stmt"/>
      <line num="15" count="1" type="stmt"/>
      <line num="41" count="1" type="stmt"/>
      <line num="57" count="1" type="stmt"/>
      <line num="69" count="10" type="cond" truecount="2" falsecount="0"/>
      <line num="71" count="8" type="cond" truecount="2" falsecount="0"/>
      <line num="73" count="5" type="stmt"/>
      <line num="75" count="3" type="stmt"/>
      <line num="81" count="7" type="stmt"/>
      <line num="88" count="7" type="stmt"/>
      <line num="89" count="7" type="stmt"/>
      <line num="90" count="7" type="stmt"/>
      <line num="92" count="7" type="cond" truecount="2" falsecount="0"/>
      <line num="94" count="5" type="stmt"/>
      <line num="95" count="5" type="stmt"/>
      <line num="96" count="5" type="stmt"/>
      <line num="101" count="5" type="stmt"/>
      <line num="103" count="2" type="stmt"/>
      <line num="104" count="2" type="stmt"/>
      <line num="111" count="2" type="stmt"/>
      <line num="115" count="1" type="stmt"/>
      <line num="132" count="1" type="stmt"/>
      <line num="136" count="10" type="cond" truecount="2" falsecount="0"/>
      <line num="138" count="7" type="stmt"/>
      <line num="139" count="7" type="stmt"/>
      <line num="142" count="1" type="stmt"/>
      <line num="143" count="1" type="stmt"/>
      <line num="146" count="1" type="stmt"/>
      <line num="147" count="1" type="stmt"/>
      <line num="155" count="1" type="stmt"/>
      <line num="160" count="2" type="stmt"/>
      <line num="161" count="2" type="stmt"/>
      <line num="162" count="2" type="stmt"/>
      <line num="163" count="2" type="stmt"/>
      <line num="169" count="1" type="stmt"/>
      <line num="172" count="1" type="stmt"/>
      <line num="173" count="6" type="stmt"/>
      <line num="178" count="6" type="stmt"/>
      <line num="183" count="6" type="stmt"/>
      <line num="184" count="6" type="stmt"/>
      <line num="185" count="6" type="stmt"/>
      <line num="186" count="6" type="stmt"/>
    </file>
  </project>
</coverage>
