{"C:\\Users\\ADMIN\\Desktop\\Workspace\\trade-demo-js\\trade-module.ts": {"path":"C:\\Users\\ADMIN\\Desktop\\Workspace\\trade-demo-js\\trade-module.ts","statementMap":{"0":{"start":{"line":132,"column":0},"end":{"line":132,"column":16}},"1":{"start":{"line":142,"column":0},"end":{"line":142,"column":16}},"2":{"start":{"line":146,"column":0},"end":{"line":146,"column":16}},"3":{"start":{"line":172,"column":0},"end":{"line":172,"column":16}},"4":{"start":{"line":4,"column":13},"end":{"line":4,"column":29}},"5":{"start":{"line":7,"column":0},"end":{"line":7,"column":null}},"6":{"start":{"line":8,"column":2},"end":{"line":8,"column":null}},"7":{"start":{"line":9,"column":2},"end":{"line":9,"column":null}},"8":{"start":{"line":13,"column":0},"end":{"line":13,"column":null}},"9":{"start":{"line":14,"column":2},"end":{"line":14,"column":null}},"10":{"start":{"line":15,"column":2},"end":{"line":15,"column":null}},"11":{"start":{"line":41,"column":13},"end":{"line":50,"column":2}},"12":{"start":{"line":57,"column":13},"end":{"line":66,"column":3}},"13":{"start":{"line":69,"column":2},"end":{"line":69,"column":40}},"14":{"start":{"line":69,"column":27},"end":{"line":69,"column":40}},"15":{"start":{"line":71,"column":2},"end":{"line":76,"column":3}},"16":{"start":{"line":73,"column":6},"end":{"line":73,"column":18}},"17":{"start":{"line":75,"column":6},"end":{"line":75,"column":69}},"18":{"start":{"line":81,"column":2},"end":{"line":81,"column":50}},"19":{"start":{"line":88,"column":6},"end":{"line":88,"column":34}},"20":{"start":{"line":89,"column":22},"end":{"line":89,"column":71}},"21":{"start":{"line":90,"column":21},"end":{"line":90,"column":49}},"22":{"start":{"line":92,"column":2},"end":{"line":112,"column":3}},"23":{"start":{"line":94,"column":6},"end":{"line":94,"column":36}},"24":{"start":{"line":95,"column":6},"end":{"line":95,"column":40}},"25":{"start":{"line":96,"column":6},"end":{"line":100,"column":9}},"26":{"start":{"line":101,"column":6},"end":{"line":101,"column":12}},"27":{"start":{"line":103,"column":6},"end":{"line":103,"column":40}},"28":{"start":{"line":104,"column":6},"end":{"line":110,"column":9}},"29":{"start":{"line":111,"column":6},"end":{"line":111,"column":12}},"30":{"start":{"line":115,"column":13},"end":{"line":118,"column":2}},"31":{"start":{"line":136,"column":2},"end":{"line":136,"column":54}},"32":{"start":{"line":136,"column":28},"end":{"line":136,"column":54}},"33":{"start":{"line":138,"column":2},"end":{"line":138,"column":22}},"34":{"start":{"line":139,"column":2},"end":{"line":139,"column":39}},"35":{"start":{"line":143,"column":2},"end":{"line":143,"column":39}},"36":{"start":{"line":147,"column":36},"end":{"line":153,"column":4}},"37":{"start":{"line":155,"column":2},"end":{"line":168,"column":3}},"38":{"start":{"line":160,"column":6},"end":{"line":160,"column":73}},"39":{"start":{"line":161,"column":4},"end":{"line":161,"column":49}},"40":{"start":{"line":162,"column":4},"end":{"line":162,"column":55}},"41":{"start":{"line":163,"column":4},"end":{"line":167,"column":7}},"42":{"start":{"line":169,"column":2},"end":{"line":169,"column":16}},"43":{"start":{"line":173,"column":2},"end":{"line":177,"column":5}},"44":{"start":{"line":178,"column":2},"end":{"line":182,"column":5}},"45":{"start":{"line":183,"column":2},"end":{"line":183,"column":39}},"46":{"start":{"line":184,"column":2},"end":{"line":184,"column":40}},"47":{"start":{"line":185,"column":2},"end":{"line":185,"column":39}},"48":{"start":{"line":186,"column":2},"end":{"line":186,"column":40}}},"fnMap":{"0":{"name":"(anonymous_0)","decl":{"start":{"line":7,"column":0},"end":{"line":7,"column":12}},"loc":{"start":{"line":7,"column":18},"end":{"line":10,"column":1}}},"1":{"name":"(anonymous_1)","decl":{"start":{"line":13,"column":0},"end":{"line":13,"column":12}},"loc":{"start":{"line":13,"column":16},"end":{"line":16,"column":1}}},"2":{"name":"isValidTrade","decl":{"start":{"line":68,"column":9},"end":{"line":68,"column":21}},"loc":{"start":{"line":68,"column":34},"end":{"line":77,"column":1}}},"3":{"name":"ExecuteTrade","decl":{"start":{"line":79,"column":9},"end":{"line":79,"column":21}},"loc":{"start":{"line":79,"column":34},"end":{"line":113,"column":1}}},"4":{"name":"AddTrade","decl":{"start":{"line":132,"column":16},"end":{"line":132,"column":24}},"loc":{"start":{"line":132,"column":37},"end":{"line":140,"column":1}}},"5":{"name":"GetPortFolio","decl":{"start":{"line":142,"column":16},"end":{"line":142,"column":28}},"loc":{"start":{"line":142,"column":28},"end":{"line":144,"column":1}}},"6":{"name":"GetProfitAndLossReport","decl":{"start":{"line":146,"column":16},"end":{"line":146,"column":38}},"loc":{"start":{"line":146,"column":38},"end":{"line":170,"column":1}}},"7":{"name":"ResetPortfolio","decl":{"start":{"line":172,"column":16},"end":{"line":172,"column":30}},"loc":{"start":{"line":172,"column":30},"end":{"line":187,"column":1}}}},"branchMap":{"0":{"loc":{"start":{"line":7,"column":12},"end":{"line":7,"column":null}},"type":"binary-expr","locations":[{"start":{"line":7,"column":12},"end":{"line":7,"column":18}},{"start":{"line":7,"column":18},"end":{"line":7,"column":null}}]},"1":{"loc":{"start":{"line":13,"column":12},"end":{"line":13,"column":null}},"type":"binary-expr","locations":[{"start":{"line":13,"column":12},"end":{"line":13,"column":16}},{"start":{"line":13,"column":16},"end":{"line":13,"column":null}}]},"2":{"loc":{"start":{"line":69,"column":2},"end":{"line":69,"column":40}},"type":"if","locations":[{"start":{"line":69,"column":2},"end":{"line":69,"column":40}},{"start":{},"end":{}}]},"3":{"loc":{"start":{"line":71,"column":2},"end":{"line":76,"column":3}},"type":"switch","locations":[{"start":{"line":72,"column":4},"end":{"line":73,"column":18}},{"start":{"line":74,"column":4},"end":{"line":75,"column":69}}]},"4":{"loc":{"start":{"line":92,"column":2},"end":{"line":112,"column":3}},"type":"switch","locations":[{"start":{"line":93,"column":4},"end":{"line":101,"column":12}},{"start":{"line":102,"column":4},"end":{"line":111,"column":12}}]},"5":{"loc":{"start":{"line":136,"column":2},"end":{"line":136,"column":54}},"type":"if","locations":[{"start":{"line":136,"column":2},"end":{"line":136,"column":54}},{"start":{},"end":{}}]}},"s":{"0":1,"1":1,"2":1,"3":1,"4":1,"5":1,"6":1,"7":1,"8":1,"9":1,"10":1,"11":1,"12":1,"13":10,"14":2,"15":8,"16":5,"17":3,"18":7,"19":7,"20":7,"21":7,"22":7,"23":5,"24":5,"25":5,"26":5,"27":2,"28":2,"29":2,"30":1,"31":10,"32":3,"33":7,"34":7,"35":1,"36":1,"37":1,"38":2,"39":2,"40":2,"41":2,"42":1,"43":6,"44":6,"45":6,"46":6,"47":6,"48":6},"f":{"0":1,"1":1,"2":10,"3":7,"4":10,"5":1,"6":1,"7":6},"b":{"0":[1,1],"1":[1,1],"2":[2,8],"3":[5,3],"4":[5,2],"5":[3,7]}}
}
