TN:
SF:trade-module.ts
FN:7,(anonymous_0)
FN:13,(anonymous_1)
FN:68,isValidTrade
FN:79,ExecuteTrade
FN:132,AddTrade
FN:142,GetPortFolio
FN:146,GetProfitAndLossReport
FN:172,ResetPortfolio
FNF:8
FNH:8
FNDA:1,(anonymous_0)
FNDA:1,(anonymous_1)
FNDA:10,isValidTrade
FNDA:7,ExecuteTrade
FNDA:10,AddTrade
FNDA:1,GetPortFolio
FNDA:1,GetProfitAndLossReport
FNDA:6,ResetPortfolio
DA:4,1
DA:7,1
DA:8,1
DA:9,1
DA:13,1
DA:14,1
DA:15,1
DA:41,1
DA:57,1
DA:69,10
DA:71,8
DA:73,5
DA:75,3
DA:81,7
DA:88,7
DA:89,7
DA:90,7
DA:92,7
DA:94,5
DA:95,5
DA:96,5
DA:101,5
DA:103,2
DA:104,2
DA:111,2
DA:115,1
DA:132,1
DA:136,10
DA:138,7
DA:139,7
DA:142,1
DA:143,1
DA:146,1
DA:147,1
DA:155,1
DA:160,2
DA:161,2
DA:162,2
DA:163,2
DA:169,1
DA:172,1
DA:173,6
DA:178,6
DA:183,6
DA:184,6
DA:185,6
DA:186,6
LF:47
LH:47
BRDA:7,0,0,1
BRDA:7,0,1,1
BRDA:13,1,0,1
BRDA:13,1,1,1
BRDA:69,2,0,2
BRDA:69,2,1,8
BRDA:71,3,0,5
BRDA:71,3,1,3
BRDA:92,4,0,5
BRDA:92,4,1,2
BRDA:136,5,0,3
BRDA:136,5,1,7
BRF:12
BRH:12
end_of_record
